INFO:root:Uploaded file: \u05e1\u05d8\u05e4\u05df \u05d5\u05e9\u05d5\u05e7\u05d5
INFO:root:Uploaded file: file_example_MP4_480_1_5MG
INFO:root:Uploaded file: TextInMotion-VideoSample-1080p
INFO:root:Uploaded file: yt1s.com_-_THE_SONG_360p
INFO:root:Uploaded file: \u05e1\u05d8\u05e4\u05df \u05d5\u05e9\u05d5\u05e7\u05d5
INFO:root:Uploaded file: file_example_MP4_480_1_5MG
INFO:root:Uploaded file: TextInMotion-VideoSample-1080p
INFO:root:Uploaded file: yt1s.com_-_THE_SONG_360p
INFO:root:Uploaded file: \u05e1\u05d8\u05e4\u05df \u05d5\u05e9\u05d5\u05e7\u05d5
INFO:root:Uploaded file: file_example_MP4_480_1_5MG
INFO:root:Uploaded file: TextInMotion-VideoSample-1080p
INFO:root:Uploaded file: yt1s.com_-_THE_SONG_360p
INFO:root:Uploaded file: \u05e1\u05d8\u05e4\u05df \u05d5\u05e9\u05d5\u05e7\u05d5
INFO:root:Uploaded file: channels4_banner
INFO:root:Uploaded file: file_example_MP4_480_1_5MG
INFO:root:Uploaded file: my-PowerPoint
INFO:root:Uploaded file: pokeLegand
ERROR:root:Error uploading file sample: 'SlideShapes' object has no attribute 'add_audio'
ERROR:root:Error uploading file sample2: 'SlideShapes' object has no attribute 'add_audio'
INFO:root:Uploaded file: TextInMotion-VideoSample-1080p
INFO:root:Uploaded file: yt1s.com_-_THE_SONG_360p
INFO:root:Uploaded file: \u05e1\u05d8\u05e4\u05df \u05d5\u05e9\u05d5\u05e7\u05d5
INFO:root:Uploaded file: channels4_banner
INFO:root:Uploaded file: file_example_MP4_480_1_5MG
INFO:root:Uploaded file: my-PowerPoint
INFO:root:Uploaded file: pokeLegand
ERROR:root:Error uploading file sample: 'SlideShapes' object has no attribute 'add_audio'
ERROR:root:Error uploading file sample2: 'SlideShapes' object has no attribute 'add_audio'
INFO:root:Uploaded file: TextInMotion-VideoSample-1080p
INFO:root:Uploaded file: yt1s.com_-_THE_SONG_360p
INFO:root:Uploaded file: \u05e1\u05d8\u05e4\u05df \u05d5\u05e9\u05d5\u05e7\u05d5
INFO:root:Uploaded file: channels4_banner
INFO:root:Uploaded file: file_example_MP4_480_1_5MG
INFO:root:Uploaded file: pokeLegand
ERROR:root:Error uploading file sample: 'SlideShapes' object has no attribute 'add_audio'
ERROR:root:Error uploading file sample2: 'SlideShapes' object has no attribute 'add_audio'
INFO:root:Uploaded file: TextInMotion-VideoSample-1080p
INFO:root:Uploaded file: yt1s.com_-_THE_SONG_360p
INFO:root:Uploaded file: \u05e1\u05d8\u05e4\u05df \u05d5\u05e9\u05d5\u05e7\u05d5
INFO:root:Uploaded file: channels4_banner
INFO:root:Uploaded file: file_example_MP4_480_1_5MG
INFO:root:Uploaded file: pokeLegand
ERROR:root:Error uploading file sample: 'SlideShapes' object has no attribute 'add_audio'
ERROR:root:Error uploading file sample2: 'SlideShapes' object has no attribute 'add_audio'
INFO:root:Uploaded file: TextInMotion-VideoSample-1080p
INFO:root:Uploaded file: yt1s.com_-_THE_SONG_360p
INFO:root:Uploaded file: \u05e1\u05d8\u05e4\u05df \u05d5\u05e9\u05d5\u05e7\u05d5
INFO:root:Uploaded file: channels4_banner
INFO:root:Uploaded file: file_example_MP4_480_1_5MG
INFO:root:Uploaded file: pokeLegand
ERROR:root:Error uploading file sample: 'SlideShapes' object has no attribute 'add_audio'
ERROR:root:Error uploading file sample2: 'SlideShapes' object has no attribute 'add_audio'
INFO:root:Uploaded file: TextInMotion-VideoSample-1080p
INFO:root:Uploaded file: yt1s.com_-_THE_SONG_360p
INFO:root:Uploaded file: \u05e1\u05d8\u05e4\u05df \u05d5\u05e9\u05d5\u05e7\u05d5
INFO:root:file-pptx t.pptx
INFO:root:Uploaded file: channels4_banner.jpg
INFO:root:Uploaded file: file_example_MP4_480_1_5MG.mp4
INFO:root:Uploaded file: pokeLegand.png
INFO:root:Uploaded file: sample.wav
INFO:root:Uploaded file: sample2.mp3
INFO:root:Uploaded file: TextInMotion-VideoSample-1080p.mp4
INFO:root:Uploaded file: yt1s.com_-_THE_SONG_360p.mp4
INFO:root:Uploaded file: \u05e1\u05d8\u05e4\u05df \u05d5\u05e9\u05d5\u05e7\u05d5.mp4
INFO:root:Saving presentation to t.pptx
INFO:root:file-pptx t.pptx
INFO:root:Uploaded file: channels4_banner.jpg
INFO:root:Uploaded file: file_example_MP4_480_1_5MG.mp4
INFO:root:Uploaded file: pokeLegand.png
INFO:root:Uploaded file: sample.wav
INFO:root:Uploaded file: sample2.mp3
INFO:root:Uploaded file: TextInMotion-VideoSample-1080p.mp4
INFO:root:Uploaded file: yt1s.com_-_THE_SONG_360p.mp4
INFO:root:Uploaded file: \u05e1\u05d8\u05e4\u05df \u05d5\u05e9\u05d5\u05e7\u05d5.mp4
INFO:root:Saving presentation to t.pptx
INFO:root:file-pptx t.pptx
INFO:root:seuss Uploaded file: channels4_banner.jpg
INFO:root:seuss Uploaded file: file_example_MP4_480_1_5MG.mp4
INFO:root:seuss Uploaded file: pokeLegand.png
INFO:root:seuss Uploaded file: sample.wav
INFO:root:seuss Uploaded file: sample2.mp3
INFO:root:seuss Uploaded file: TextInMotion-VideoSample-1080p.mp4
INFO:root:seuss Uploaded file: yt1s.com_-_THE_SONG_360p.mp4
INFO:root:seuss Uploaded file: \u05e1\u05d8\u05e4\u05df \u05d5\u05e9\u05d5\u05e7\u05d5.mp4
INFO:root:Saving presentation to t.pptx
INFO:root:Uploaded file: channels4_banner.jpg
INFO:root:Uploaded file: file_example_MP4_480_1_5MG.mp4
INFO:root:Uploaded file: pokeLegand.png
INFO:root:Uploaded file: sample.wav
INFO:root:Uploaded file: sample2.mp3
INFO:root:Uploaded file: TextInMotion-VideoSample-1080p.mp4
INFO:root:Uploaded file: yt1s.com_-_THE_SONG_360p.mp4
INFO:root:Uploaded file: \u05e1\u05d8\u05e4\u05df \u05d5\u05e9\u05d5\u05e7\u05d5.mp4
INFO:root:Saving presentation to t.pptx
INFO:root:Uploaded file: channels4_banner.jpg
INFO:root:Uploaded file: file_example_MP4_480_1_5MG.mp4
INFO:root:Uploaded file: pokeLegand.png
INFO:root:Uploaded file: sample.wav
INFO:root:Uploaded file: sample2.mp3
INFO:root:Uploaded file: TextInMotion-VideoSample-1080p.mp4
INFO:root:Uploaded file: yt1s.com_-_THE_SONG_360p.mp4
INFO:root:Uploaded file: \u05e1\u05d8\u05e4\u05df \u05d5\u05e9\u05d5\u05e7\u05d5.mp4
INFO:root:Saving presentation to t.pptx
INFO:root:File-PPTX presentation.pptx
ERROR:root:\u05e9\u05d2\u05d9\u05d0\u05d4 \u05d1\u05e9\u05de\u05d9\u05e8\u05ea \u05d4\u05e7\u05d1\u05e6\u05d9\u05dd: 'SlidePlaceholder' object has no attribute 'is_media'
INFO:root:\u05d4\u05de\u05e6\u05d2\u05ea \u05e0\u05e9\u05de\u05e8\u05d4 \u05d1\u05ea\u05d9\u05e7\u05d9\u05d9\u05ea: presentation.pptx
INFO:root:File-PPTX t.pptx
ERROR:root:\u05e9\u05d2\u05d9\u05d0\u05d4 \u05d1\u05e9\u05de\u05d9\u05e8\u05ea \u05d4\u05e7\u05d1\u05e6\u05d9\u05dd: 'SlidePlaceholder' object has no attribute 'is_media'
INFO:root:\u05d4\u05de\u05e6\u05d2\u05ea \u05e0\u05e9\u05de\u05e8\u05d4 \u05d1\u05ea\u05d9\u05e7\u05d9\u05d9\u05ea: t.pptx
INFO:root:File-PPTX t.pptx
ERROR:root:\u05e9\u05d2\u05d9\u05d0\u05d4 \u05d1\u05e9\u05de\u05d9\u05e8\u05ea \u05d4\u05e7\u05d1\u05e6\u05d9\u05dd: 'SlidePlaceholder' object has no attribute 'is_media'
INFO:root:\u05d4\u05de\u05e6\u05d2\u05ea \u05e0\u05e9\u05de\u05e8\u05d4 \u05d1\u05ea\u05d9\u05e7\u05d9\u05d9\u05ea: t.pptx
INFO:root:File-PPTX t.pptx
ERROR:root:\u05e9\u05d2\u05d9\u05d0\u05d4 \u05d1\u05e9\u05de\u05d9\u05e8\u05ea \u05d4\u05e7\u05d1\u05e6\u05d9\u05dd: 'SlidePlaceholder' object has no attribute 'is_media'
INFO:root:\u05d4\u05de\u05e6\u05d2\u05ea \u05e0\u05e9\u05de\u05e8\u05d4 \u05d1\u05ea\u05d9\u05e7\u05d9\u05d9\u05ea: t.pptx
